<?xml version="1.0" encoding="utf-8"?><testsuites name="pytest tests"><testsuite name="pytest" errors="0" failures="0" skipped="0" tests="32" time="7.014" timestamp="2026-04-19T18:04:35.764618+00:00" hostname="agent-env-a1cfde46-528e-4a10-85d4-75520e8a6e9e"><testcase classname="backend.tests.backend_test.TestAuth" name="test_admin_login" time="0.963" /><testcase classname="backend.tests.backend_test.TestAuth" name="test_staff_login" time="0.365" /><testcase classname="backend.tests.backend_test.TestAuth" name="test_wrong_password" time="0.328" /><testcase classname="backend.tests.backend_test.TestAuth" name="test_me_with_token" time="0.491" /><testcase classname="backend.tests.backend_test.TestAuth" name="test_me_missing_token" time="0.132" /><testcase classname="backend.tests.backend_test.TestBatchCreate" name="test_admin_creates_batch" time="0.158" /><testcase classname="backend.tests.backend_test.TestBatchCreate" name="test_staff_cannot_create_batch" time="0.465" /><testcase classname="backend.tests.backend_test.TestBatchCreate" name="test_invalid_seed_type" time="0.130" /><testcase classname="backend.tests.backend_test.TestBatchCreate" name="test_all_seed_prefixes" time="0.576" /><testcase classname="backend.tests.backend_test.TestRoleFiltering" name="test_admin_sees_all_fields" time="0.115" /><testcase classname="backend.tests.backend_test.TestRoleFiltering" name="test_staff_list_strips_sensitive" time="0.098" /><testcase classname="backend.tests.backend_test.TestRoleFiltering" name="test_staff_detail_strips_sensitive" time="0.130" /><testcase classname="backend.tests.backend_test.TestRoleFiltering" name="test_admin_detail_has_all" time="0.160" /><testcase classname="backend.tests.backend_test.TestRoleFiltering" name="test_batch_not_found" time="0.132" /><testcase classname="backend.tests.backend_test.TestStageMachine" name="test_cannot_skip_stage2" time="0.262" /><testcase classname="backend.tests.backend_test.TestStageMachine" name="test_stage2_update" time="0.109" /><testcase classname="backend.tests.backend_test.TestStageMachine" name="test_stage2_cannot_repeat" time="0.117" /><testcase classname="backend.tests.backend_test.TestStageMachine" name="test_stage3_update" time="0.123" /><testcase classname="backend.tests.backend_test.TestStageMachine" name="test_stage3_cannot_repeat" time="0.107" /><testcase classname="backend.tests.backend_test.TestStageMachine" name="test_staff_can_update_stages" time="0.255" /><testcase classname="backend.tests.backend_test.TestQR" name="test_qr_stage1" time="0.195" /><testcase classname="backend.tests.backend_test.TestQR" name="test_qr_stage2" time="0.138" /><testcase classname="backend.tests.backend_test.TestQR" name="test_qr_stage3" time="0.134" /><testcase classname="backend.tests.backend_test.TestQR" name="test_qr_invalid_stage" time="0.125" /><testcase classname="backend.tests.backend_test.TestPublicTrace" name="test_trace_no_auth" time="0.131" /><testcase classname="backend.tests.backend_test.TestPublicTrace" name="test_trace_invalid" time="0.125" /><testcase classname="backend.tests.backend_test.TestAnalytics" name="test_admin_week" time="0.112" /><testcase classname="backend.tests.backend_test.TestAnalytics" name="test_admin_month" time="0.113" /><testcase classname="backend.tests.backend_test.TestAnalytics" name="test_admin_year" time="0.119" /><testcase classname="backend.tests.backend_test.TestAnalytics" name="test_staff_forbidden" time="0.122" /><testcase classname="backend.tests.backend_test.TestExcelExport" name="test_admin_export" time="0.132" /><testcase classname="backend.tests.backend_test.TestExcelExport" name="test_staff_forbidden" time="0.160" /></testsuite></testsuites>